SF:./core/lib/utils/exception.dart
DA:6,4
LF:1
LH:1
end_of_record
SF:./core/lib/data/datasources/movie_local_data_source.dart
DA:15,1
DA:17,1
DA:20,2
DA:23,2
DA:27,1
DA:30,2
DA:33,2
DA:37,1
DA:39,2
DA:41,1
DA:47,1
DA:49,2
DA:50,4
LF:13
LH:13
end_of_record
SF:./core/lib/data/models/movie_table.dart
DA:11,2
DA:18,2
DA:19,1
DA:20,1
DA:21,1
DA:22,1
DA:25,2
DA:26,1
DA:27,1
DA:28,1
DA:29,1
DA:32,0
DA:33,0
DA:34,0
DA:35,0
DA:36,0
DA:39,2
DA:40,1
DA:41,1
DA:42,1
DA:43,1
DA:46,2
DA:47,10
LF:23
LH:18
end_of_record
SF:./core/lib/data/models/series_table.dart
DA:11,2
DA:18,2
DA:19,1
DA:20,1
DA:21,1
DA:22,1
DA:25,2
DA:26,1
DA:27,1
DA:28,1
DA:29,1
DA:32,0
DA:33,0
DA:34,0
DA:35,0
DA:36,0
DA:39,2
DA:40,1
DA:41,1
DA:42,1
DA:43,1
DA:46,2
DA:47,10
LF:23
LH:18
end_of_record
SF:./core/lib/domain/entities/genre.dart
DA:4,10
DA:12,4
DA:13,12
LF:3
LH:3
end_of_record
SF:./core/lib/domain/entities/movie.dart
DA:4,8
DA:20,1
DA:41,6
DA:42,6
DA:43,6
DA:44,6
DA:45,6
DA:46,6
DA:47,6
DA:48,6
DA:49,6
DA:50,6
DA:51,6
DA:52,6
DA:53,6
DA:54,6
DA:55,6
LF:17
LH:17
end_of_record
SF:./core/lib/domain/entities/movie_detail.dart
DA:5,5
DA:33,2
DA:34,2
DA:35,2
DA:36,2
DA:37,2
DA:38,2
DA:39,2
DA:40,2
DA:41,2
DA:42,2
DA:43,2
DA:44,2
DA:45,2
LF:14
LH:14
end_of_record
SF:./core/lib/domain/entities/series.dart
DA:4,7
DA:19,1
DA:39,6
DA:40,6
DA:41,6
DA:42,6
DA:43,6
DA:44,6
DA:45,6
DA:46,6
DA:47,6
DA:48,6
DA:49,6
DA:50,6
DA:51,6
DA:52,6
LF:16
LH:16
end_of_record
SF:./core/lib/domain/entities/series_detail.dart
DA:5,5
DA:31,2
DA:32,2
DA:33,2
DA:34,2
DA:35,2
DA:36,2
DA:37,2
DA:38,2
DA:39,2
DA:40,2
DA:41,2
DA:42,2
DA:43,2
LF:14
LH:14
end_of_record
SF:./core/lib/data/datasources/db/database_helper.dart
DA:8,0
DA:12,0
DA:16,0
DA:18,0
DA:25,0
DA:26,0
DA:27,0
DA:29,0
DA:32,0
DA:37,0
DA:38,0
DA:45,0
DA:48,0
DA:49,0
DA:50,0
DA:53,0
DA:54,0
DA:55,0
DA:58,0
DA:62,0
DA:63,0
DA:64,0
DA:67,0
DA:70,0
DA:71,0
DA:77,0
DA:78,0
DA:79,0
LF:28
LH:0
end_of_record
SF:./core/lib/data/datasources/db/database_series_helper.dart
DA:8,0
DA:12,0
DA:13,0
DA:17,0
DA:19,0
DA:26,0
DA:27,0
DA:28,0
DA:30,0
DA:33,0
DA:38,0
DA:39,0
DA:46,0
DA:49,0
DA:50,0
DA:51,0
DA:54,0
DA:55,0
DA:56,0
DA:59,0
DA:63,0
DA:64,0
DA:65,0
DA:68,0
DA:71,0
DA:72,0
DA:78,0
DA:79,0
DA:80,0
LF:29
LH:0
end_of_record
SF:./core/lib/data/datasources/movie_remote_data_source.dart
DA:28,1
DA:30,0
DA:31,0
DA:32,0
DA:33,0
DA:38,1
DA:42,4
DA:44,2
DA:45,4
DA:47,1
DA:50,0
DA:51,0
DA:52,0
DA:54,0
DA:57,0
DA:59,0
DA:60,0
DA:62,0
DA:67,1
DA:70,4
DA:72,2
DA:73,3
DA:75,1
DA:78,0
DA:79,0
DA:80,0
DA:82,0
DA:84,0
DA:86,0
DA:87,0
DA:89,0
DA:94,1
DA:98,4
DA:100,2
DA:101,4
DA:103,1
DA:106,0
DA:107,0
DA:108,0
DA:110,0
DA:113,0
DA:115,0
DA:116,0
DA:118,0
DA:123,1
DA:126,4
DA:128,2
DA:129,4
DA:131,1
DA:134,0
DA:135,0
DA:136,0
DA:138,0
DA:140,0
DA:142,0
DA:143,0
DA:145,0
DA:150,1
DA:153,4
DA:155,2
DA:156,4
DA:158,1
DA:161,0
DA:162,0
DA:163,0
DA:165,0
DA:168,0
DA:170,0
DA:171,0
DA:173,0
DA:178,1
DA:182,4
DA:184,2
DA:185,4
DA:187,1
DA:190,0
DA:191,0
DA:192,0
DA:194,0
DA:197,0
DA:199,0
DA:200,0
DA:202,0
LF:83
LH:31
end_of_record
SF:./core/lib/data/datasources/series_local_data_source.dart
DA:15,1
DA:17,1
DA:20,2
DA:23,2
DA:27,1
DA:30,2
DA:33,2
DA:37,1
DA:39,2
DA:41,1
DA:47,1
DA:49,2
DA:50,4
LF:13
LH:13
end_of_record
SF:./core/lib/data/datasources/series_remote_data_source.dart
DA:28,1
DA:30,0
DA:31,0
DA:32,0
DA:33,0
DA:38,1
DA:41,4
DA:43,2
DA:44,4
DA:46,1
DA:49,0
DA:50,0
DA:51,0
DA:53,0
DA:55,0
DA:57,0
DA:58,0
DA:60,0
DA:65,1
DA:68,4
DA:70,2
DA:71,4
DA:73,1
DA:76,0
DA:77,0
DA:78,0
DA:80,0
DA:82,0
DA:84,0
DA:85,0
DA:87,0
DA:92,1
DA:95,4
DA:97,2
DA:98,4
DA:100,1
DA:103,0
DA:104,0
DA:105,0
DA:107,0
DA:109,0
DA:111,0
DA:112,0
DA:114,0
DA:119,1
DA:122,4
DA:124,2
DA:125,3
DA:127,1
DA:130,0
DA:131,0
DA:132,0
DA:134,0
DA:136,0
DA:138,0
DA:139,0
DA:141,0
DA:146,1
DA:150,4
DA:152,2
DA:153,4
DA:155,1
DA:158,0
DA:159,0
DA:160,0
DA:162,0
DA:165,0
DA:167,0
DA:168,0
DA:170,0
DA:175,1
DA:179,4
DA:181,2
DA:182,4
DA:184,1
DA:187,0
DA:188,0
DA:189,0
DA:191,0
DA:194,0
DA:196,0
DA:197,0
DA:199,0
LF:83
LH:31
end_of_record
SF:./core/lib/data/models/movie_detail_model.dart
DA:6,2
DA:52,2
DA:53,1
DA:54,1
DA:55,1
DA:56,5
DA:57,1
DA:58,1
DA:59,1
DA:60,1
DA:61,1
DA:62,1
DA:63,2
DA:64,1
DA:65,1
DA:66,1
DA:67,1
DA:68,1
DA:69,1
DA:70,1
DA:71,1
DA:72,2
DA:73,1
DA:76,0
DA:77,0
DA:78,0
DA:79,0
DA:80,0
DA:81,0
DA:82,0
DA:83,0
DA:84,0
DA:85,0
DA:86,0
DA:87,0
DA:88,0
DA:89,0
DA:90,0
DA:91,0
DA:92,0
DA:93,0
DA:94,0
DA:95,0
DA:96,0
DA:97,0
DA:100,1
DA:101,1
DA:102,1
DA:103,1
DA:104,5
DA:105,1
DA:106,1
DA:107,1
DA:108,1
DA:109,1
DA:110,1
DA:111,1
DA:112,1
DA:113,1
DA:117,1
DA:118,1
DA:119,1
DA:120,1
DA:121,1
DA:122,1
DA:123,1
DA:124,1
DA:125,1
DA:126,1
DA:127,1
DA:128,1
DA:129,1
DA:130,1
DA:131,1
DA:132,1
DA:133,1
DA:134,1
DA:135,1
DA:136,1
DA:137,1
DA:138,1
DA:139,1
LF:82
LH:60
end_of_record
SF:./core/lib/data/models/movie_model.dart
DA:5,4
DA:35,4
DA:36,2
DA:37,2
DA:38,8
DA:39,2
DA:40,2
DA:41,2
DA:42,4
DA:43,2
DA:44,2
DA:45,2
DA:46,2
DA:47,4
DA:48,2
DA:51,2
DA:52,1
DA:53,1
DA:54,4
DA:55,1
DA:56,1
DA:57,1
DA:58,1
DA:59,1
DA:60,1
DA:61,1
DA:62,1
DA:63,1
DA:64,1
DA:67,2
DA:68,2
DA:69,2
DA:70,2
DA:71,2
DA:72,2
DA:73,2
DA:74,2
DA:75,2
DA:76,2
DA:77,2
DA:78,2
DA:79,2
DA:80,2
DA:81,2
DA:85,2
DA:86,2
DA:87,2
DA:88,2
DA:89,2
DA:90,2
DA:91,2
DA:92,2
DA:93,2
DA:94,2
DA:95,2
DA:96,2
DA:97,2
DA:98,2
DA:99,2
LF:59
LH:59
end_of_record
SF:./core/lib/data/models/series_detail_model.dart
DA:6,2
DA:32,1
DA:33,1
DA:34,1
DA:35,1
DA:36,4
DA:37,5
DA:38,1
DA:39,1
DA:40,1
DA:41,2
DA:42,1
DA:43,2
DA:44,1
DA:47,0
DA:48,0
DA:49,0
DA:50,0
DA:51,0
DA:52,0
DA:53,0
DA:54,0
DA:55,0
DA:56,0
DA:57,0
DA:58,0
DA:61,1
DA:62,1
DA:63,1
DA:64,1
DA:65,1
DA:66,5
DA:67,1
DA:68,1
DA:69,1
DA:70,1
DA:71,1
DA:72,1
DA:73,1
DA:77,1
DA:78,1
DA:79,1
DA:80,1
DA:81,1
DA:82,1
DA:83,1
DA:84,1
DA:85,1
DA:86,1
DA:87,1
DA:88,1
DA:89,1
LF:52
LH:40
end_of_record
SF:./core/lib/data/models/series_model.dart
DA:5,2
DA:33,2
DA:34,1
DA:35,4
DA:36,1
DA:37,1
DA:38,4
DA:39,1
DA:40,1
DA:41,1
DA:42,2
DA:43,1
DA:44,2
DA:45,1
DA:48,0
DA:49,0
DA:50,0
DA:51,0
DA:52,0
DA:53,0
DA:54,0
DA:55,0
DA:56,0
DA:57,0
DA:58,0
DA:59,0
DA:60,0
DA:63,1
DA:64,1
DA:65,1
DA:66,1
DA:67,1
DA:68,1
DA:69,1
DA:70,1
DA:71,1
DA:72,1
DA:73,1
DA:74,1
DA:75,1
DA:76,1
DA:80,1
DA:81,1
DA:82,1
DA:83,1
DA:84,1
DA:85,1
DA:86,1
DA:87,1
DA:88,1
DA:89,1
DA:90,1
DA:91,1
DA:92,1
DA:93,1
LF:55
LH:42
end_of_record
SF:./core/lib/utils/failure.dart
DA:6,14
DA:8,2
DA:9,4
DA:13,28
DA:17,4
DA:21,4
LF:6
LH:6
end_of_record
SF:./core/lib/data/models/movie_response.dart
DA:7,2
DA:9,4
DA:10,4
DA:11,6
DA:12,6
DA:15,2
DA:16,5
DA:19,1
DA:20,2
LF:9
LH:9
end_of_record
SF:./core/lib/data/models/series_response.dart
DA:7,1
DA:9,2
DA:10,2
DA:11,3
DA:12,3
DA:15,0
DA:16,0
DA:19,0
DA:20,0
LF:9
LH:5
end_of_record
SF:./core/lib/data/models/genre_model.dart
DA:5,4
DA:13,4
DA:14,2
DA:15,2
DA:18,0
DA:19,0
DA:20,0
DA:23,2
DA:24,6
DA:27,2
DA:28,6
LF:11
LH:8
end_of_record
SF:./core/lib/data/repositories/movie_repository_impl.dart
DA:17,1
DA:22,1
DA:25,2
DA:26,5
DA:27,1
DA:28,2
DA:29,1
DA:30,2
DA:34,1
DA:37,2
DA:38,2
DA:39,1
DA:40,2
DA:41,1
DA:42,2
DA:46,1
DA:49,2
DA:50,3
DA:51,1
DA:52,2
DA:53,1
DA:54,2
DA:58,1
DA:61,2
DA:62,5
DA:63,1
DA:64,2
DA:65,1
DA:66,2
DA:70,1
DA:73,2
DA:74,5
DA:75,1
DA:76,2
DA:77,1
DA:78,2
DA:82,1
DA:85,2
DA:86,5
DA:87,1
DA:88,2
DA:89,1
DA:90,2
DA:94,1
DA:97,3
DA:98,1
DA:99,1
DA:100,3
DA:106,1
DA:109,3
DA:110,1
DA:111,1
DA:112,3
DA:116,1
DA:118,2
DA:122,1
DA:124,2
DA:125,5
LF:58
LH:58
end_of_record
SF:./core/lib/domain/usecases/get_movie_detail.dart
DA:9,1
DA:11,1
DA:12,2
LF:3
LH:3
end_of_record
SF:./core/lib/data/repositories/series_repository_impl.dart
DA:17,1
DA:19,1
DA:22,2
DA:24,5
DA:25,1
DA:26,2
DA:27,1
DA:28,2
DA:32,1
DA:35,2
DA:37,5
DA:38,1
DA:39,2
DA:40,1
DA:41,2
DA:45,1
DA:48,2
DA:50,5
DA:51,1
DA:52,2
DA:53,1
DA:54,2
DA:58,1
DA:61,2
DA:62,2
DA:63,1
DA:64,2
DA:65,1
DA:66,2
DA:70,1
DA:73,2
DA:74,3
DA:75,1
DA:76,2
DA:77,1
DA:78,2
DA:82,1
DA:86,3
DA:87,1
DA:88,1
DA:89,3
DA:95,1
DA:99,3
DA:100,1
DA:101,1
DA:102,3
DA:106,1
DA:108,2
DA:112,1
DA:114,2
DA:115,5
DA:118,1
DA:121,2
DA:122,5
DA:123,1
DA:124,2
DA:125,1
DA:126,2
LF:58
LH:58
end_of_record
SF:./core/lib/domain/usecases/get_movie_recommendations.dart
DA:9,1
DA:11,1
DA:12,2
LF:3
LH:3
end_of_record
SF:./core/lib/domain/usecases/get_now_playing_movies.dart
DA:9,1
DA:11,1
DA:12,2
LF:3
LH:3
end_of_record
SF:./core/lib/domain/usecases/get_now_playing_series.dart
DA:9,1
DA:11,1
DA:12,2
LF:3
LH:3
end_of_record
SF:./core/lib/domain/usecases/get_popular_movies.dart
DA:9,1
DA:11,1
DA:12,2
LF:3
LH:3
end_of_record
SF:./core/lib/domain/usecases/get_popular_series.dart
DA:9,1
DA:11,1
DA:12,2
LF:3
LH:3
end_of_record
SF:./core/lib/domain/usecases/get_series_detail.dart
DA:9,1
DA:11,1
DA:12,2
LF:3
LH:3
end_of_record
SF:./core/lib/domain/usecases/get_series_recommendations.dart
DA:9,1
DA:11,1
DA:12,2
LF:3
LH:3
end_of_record
SF:./core/lib/domain/usecases/get_top_rated_movies.dart
DA:9,1
DA:11,1
DA:12,2
LF:3
LH:3
end_of_record
SF:./core/lib/domain/usecases/get_top_rated_series.dart
DA:9,1
DA:11,1
DA:12,2
LF:3
LH:3
end_of_record
SF:./core/lib/domain/usecases/get_watchlist_movies.dart
DA:9,1
DA:11,1
DA:12,2
LF:3
LH:3
end_of_record
SF:./core/lib/domain/usecases/get_watchlist_series_status.dart
DA:6,1
DA:8,1
DA:9,2
LF:3
LH:3
end_of_record
SF:./core/lib/domain/usecases/get_watchlist_series.dart
DA:9,1
DA:11,1
DA:12,2
LF:3
LH:3
end_of_record
SF:./core/lib/domain/usecases/get_watchlist_status.dart
DA:6,1
DA:8,1
DA:9,2
LF:3
LH:3
end_of_record
SF:./core/lib/domain/usecases/remove_watchlist_series.dart
DA:9,1
DA:11,1
DA:12,2
LF:3
LH:3
end_of_record
SF:./core/lib/domain/usecases/remove_watchlist.dart
DA:9,1
DA:11,1
DA:12,2
LF:3
LH:3
end_of_record
SF:./core/lib/domain/usecases/save_watchlist_series.dart
DA:9,1
DA:11,1
DA:12,2
LF:3
LH:3
end_of_record
SF:./core/lib/domain/usecases/save_watchlist.dart
DA:9,1
DA:11,1
DA:12,2
LF:3
LH:3
end_of_record
SF:./core/lib/presentation/bloc/movies_detail/movies_detail_event.dart
DA:5,1
DA:7,0
DA:8,0
DA:14,1
DA:16,0
DA:17,0
LF:6
LH:2
end_of_record
SF:./core/lib/presentation/bloc/movies_detail/movies_detail_state.dart
DA:5,1
DA:7,1
DA:8,1
DA:18,1
DA:20,1
DA:21,2
DA:27,1
DA:29,1
DA:30,2
LF:9
LH:9
end_of_record
SF:./core/lib/presentation/bloc/movies_detail/movies_detail_bloc.dart
DA:13,3
DA:14,1
DA:15,1
DA:16,1
DA:18,2
DA:20,2
DA:22,1
DA:23,1
DA:24,3
DA:26,1
DA:27,2
LF:11
LH:11
end_of_record
SF:./core/lib/styles/text_styles.dart
DA:5,0
DA:6,0
DA:7,0
DA:9,0
DA:11,0
DA:15,0
DA:16,0
DA:17,0
DA:18,0
DA:19,0
LF:10
LH:0
end_of_record
SF:./core/lib/utils/utils.dart
DA:3,0
LF:1
LH:0
end_of_record
SF:./core/lib/presentation/bloc/movies_recommendation/movies_recommendation_state.dart
DA:5,1
DA:7,1
DA:8,1
DA:18,1
DA:20,1
DA:21,2
DA:27,1
DA:29,1
DA:30,2
LF:9
LH:9
end_of_record
SF:./core/lib/presentation/bloc/movies_recommendation/movies_recommendation_bloc.dart
DA:14,1
DA:15,2
DA:16,1
DA:17,1
DA:18,1
DA:20,2
DA:22,2
DA:24,1
DA:25,1
DA:26,3
DA:28,1
DA:29,2
LF:12
LH:12
end_of_record
SF:./core/lib/presentation/bloc/movies_recommendation/movies_recommendation_event.dart
DA:5,1
DA:7,0
DA:8,0
DA:14,1
DA:16,0
DA:17,0
LF:6
LH:2
end_of_record
SF:./core/lib/presentation/bloc/now_playing_movies/now_playing_movies_state.dart
DA:5,1
DA:7,1
DA:8,1
DA:18,1
DA:20,1
DA:21,2
DA:27,1
DA:29,1
DA:30,2
LF:9
LH:9
end_of_record
SF:./core/lib/presentation/bloc/now_playing_movies/now_playing_movies_event.dart
DA:5,1
DA:7,0
DA:8,0
DA:12,1
DA:14,0
DA:15,0
LF:6
LH:2
end_of_record
SF:./core/lib/presentation/bloc/now_playing_movies/now_playing_movies_bloc.dart
DA:13,3
DA:14,1
DA:15,1
DA:16,2
DA:18,2
DA:20,1
DA:21,1
DA:22,3
DA:24,1
DA:25,2
LF:10
LH:10
end_of_record
SF:./core/lib/presentation/bloc/now_playing_series/now_playing_series_bloc.dart
DA:12,3
DA:13,1
DA:14,1
DA:15,2
DA:17,2
DA:19,1
DA:20,1
DA:21,3
DA:23,1
DA:24,2
LF:10
LH:10
end_of_record
SF:./core/lib/presentation/bloc/now_playing_series/now_playing_series_state.dart
DA:5,1
DA:7,1
DA:8,1
DA:18,1
DA:20,1
DA:21,2
DA:27,1
DA:29,1
DA:30,2
LF:9
LH:9
end_of_record
SF:./core/lib/presentation/bloc/now_playing_series/now_playing_series_event.dart
DA:5,1
DA:7,0
DA:8,0
DA:12,1
DA:14,0
DA:15,0
LF:6
LH:2
end_of_record
SF:./core/lib/presentation/bloc/popular_movies/popular_movies_state.dart
DA:5,1
DA:7,1
DA:8,1
DA:18,1
DA:20,1
DA:21,2
DA:27,1
DA:29,1
DA:30,1
LF:9
LH:9
end_of_record
SF:./core/lib/presentation/bloc/popular_movies/popular_movies_event.dart
DA:5,1
DA:7,0
DA:8,0
DA:12,1
DA:14,0
DA:15,0
LF:6
LH:2
end_of_record
SF:./core/lib/presentation/bloc/popular_movies/popular_movies_bloc.dart
DA:13,3
DA:14,1
DA:15,1
DA:16,2
DA:18,2
DA:20,1
DA:21,1
DA:22,3
DA:24,1
DA:25,2
LF:10
LH:10
end_of_record
SF:./core/lib/presentation/bloc/popular_series/popular_series_bloc.dart
DA:13,3
DA:14,1
DA:15,1
DA:16,2
DA:18,2
DA:20,1
DA:21,1
DA:22,3
DA:24,1
DA:25,2
LF:10
LH:10
end_of_record
SF:./core/lib/presentation/bloc/popular_series/popular_series_event.dart
DA:5,1
DA:7,0
DA:8,0
DA:12,1
DA:14,0
DA:15,0
LF:6
LH:2
end_of_record
SF:./core/lib/presentation/bloc/popular_series/popular_series_state.dart
DA:5,2
DA:7,1
DA:8,1
DA:18,1
DA:20,1
DA:21,2
DA:27,1
DA:29,1
DA:30,2
LF:9
LH:9
end_of_record
SF:./core/lib/presentation/bloc/series_detail/series_detail_state.dart
DA:5,1
DA:7,1
DA:8,1
DA:18,1
DA:20,1
DA:21,2
DA:27,1
DA:29,1
DA:30,2
LF:9
LH:9
end_of_record
SF:./core/lib/presentation/bloc/series_detail/series_detail_bloc.dart
DA:13,3
DA:14,1
DA:15,1
DA:16,1
DA:18,2
DA:20,2
DA:22,1
DA:23,1
DA:24,3
DA:26,1
DA:27,2
LF:11
LH:11
end_of_record
SF:./core/lib/presentation/bloc/series_detail/series_detail_event.dart
DA:5,1
DA:7,0
DA:8,0
DA:14,1
DA:16,0
DA:17,0
LF:6
LH:2
end_of_record
SF:./core/lib/presentation/bloc/series_recommendation/series_recommendation_event.dart
DA:5,1
DA:7,0
DA:8,0
DA:14,1
DA:16,0
DA:17,0
LF:6
LH:2
end_of_record
SF:./core/lib/presentation/bloc/series_recommendation/series_recommendation_state.dart
DA:5,1
DA:7,1
DA:8,1
DA:18,1
DA:20,1
DA:21,2
DA:27,1
DA:29,1
DA:30,2
LF:9
LH:9
end_of_record
SF:./core/lib/presentation/bloc/series_recommendation/series_recommendation_bloc.dart
DA:14,1
DA:15,2
DA:16,1
DA:17,1
DA:18,1
DA:20,2
DA:22,2
DA:24,1
DA:25,1
DA:26,3
DA:28,1
DA:29,2
LF:12
LH:12
end_of_record
SF:./core/lib/presentation/bloc/top_rated_movies/top_rated_movies_bloc.dart
DA:13,3
DA:14,1
DA:15,1
DA:16,2
DA:18,2
DA:20,1
DA:21,1
DA:22,3
DA:24,1
DA:25,2
LF:10
LH:10
end_of_record
SF:./core/lib/presentation/bloc/top_rated_movies/top_rated_movies_event.dart
DA:5,1
DA:7,0
DA:8,0
DA:12,1
DA:14,0
DA:15,0
LF:6
LH:2
end_of_record
SF:./core/lib/presentation/bloc/top_rated_movies/top_rated_movies_state.dart
DA:5,1
DA:7,1
DA:8,1
DA:18,1
DA:20,1
DA:21,2
DA:27,1
DA:29,1
DA:30,2
LF:9
LH:9
end_of_record
SF:./core/lib/presentation/bloc/top_rated_series/top_rated_series_bloc.dart
DA:13,3
DA:14,1
DA:15,1
DA:16,2
DA:18,2
DA:20,1
DA:21,1
DA:22,3
DA:24,1
DA:25,2
LF:10
LH:10
end_of_record
SF:./core/lib/presentation/bloc/top_rated_series/top_rated_series_state.dart
DA:5,1
DA:7,1
DA:8,1
DA:18,1
DA:20,1
DA:21,2
DA:27,1
DA:29,1
DA:30,2
LF:9
LH:9
end_of_record
SF:./core/lib/presentation/bloc/top_rated_series/top_rated_series_event.dart
DA:5,1
DA:7,0
DA:8,0
DA:12,1
DA:14,0
DA:15,0
LF:6
LH:2
end_of_record
SF:./core/lib/presentation/cubit/movies_watchlist/movies_watchlist_cubit.dart
DA:22,1
DA:24,2
DA:26,1
DA:27,2
DA:29,2
DA:31,1
DA:32,1
DA:33,3
DA:35,1
DA:36,2
DA:41,0
DA:42,0
DA:45,0
DA:46,0
DA:48,0
DA:51,0
DA:52,0
DA:54,0
DA:55,0
DA:56,0
DA:57,0
DA:59,0
DA:60,0
DA:61,0
DA:65,0
DA:68,0
DA:69,0
DA:71,0
DA:72,0
DA:73,0
DA:74,0
DA:76,0
DA:77,0
DA:78,0
DA:82,0
LF:35
LH:10
end_of_record
SF:./core/lib/presentation/cubit/movies_watchlist/movies_watchlist_state.dart
DA:5,1
DA:7,1
DA:8,1
DA:18,1
DA:20,1
DA:21,2
DA:27,1
DA:29,1
DA:30,2
DA:36,0
DA:38,0
DA:39,0
LF:12
LH:9
end_of_record
SF:./core/lib/presentation/cubit/series_watchlist/series_watchlist_state.dart
DA:5,1
DA:7,1
DA:8,1
DA:18,1
DA:20,1
DA:21,2
DA:27,1
DA:29,1
DA:30,2
DA:36,0
DA:38,0
DA:39,0
LF:12
LH:9
end_of_record
SF:./core/lib/presentation/cubit/series_watchlist/series_watchlist_cubit.dart
DA:22,1
DA:24,2
DA:26,1
DA:27,2
DA:29,2
DA:31,1
DA:32,1
DA:33,3
DA:35,1
DA:36,2
DA:41,0
DA:42,0
DA:45,0
DA:46,0
DA:48,0
DA:51,0
DA:52,0
DA:54,0
DA:55,0
DA:56,0
DA:57,0
DA:59,0
DA:60,0
DA:61,0
DA:65,0
DA:68,0
DA:69,0
DA:71,0
DA:72,0
DA:73,0
DA:74,0
DA:76,0
DA:77,0
DA:78,0
DA:82,0
LF:35
LH:10
end_of_record
SF:./search/lib/domain/usecases/search_movies.dart
DA:9,1
DA:11,1
DA:12,2
LF:3
LH:3
end_of_record
SF:./search/lib/domain/usecases/search_series.dart
DA:9,1
DA:11,1
DA:12,2
LF:3
LH:3
end_of_record
SF:./search/lib/presentation/bloc/search_movies/search_movies_state.dart
DA:5,2
DA:7,1
DA:8,1
DA:18,2
DA:20,1
DA:21,2
DA:27,1
DA:29,1
DA:30,2
LF:9
LH:9
end_of_record
SF:./search/lib/presentation/bloc/search_movies/search_movies_event.dart
DA:5,1
DA:7,0
DA:8,0
DA:14,1
DA:16,0
DA:17,0
LF:6
LH:2
end_of_record
SF:./search/lib/presentation/bloc/search_movies/search_movies_bloc.dart
DA:14,3
DA:15,1
DA:16,1
DA:17,1
DA:19,2
DA:20,2
DA:22,1
DA:23,1
DA:24,3
DA:26,1
DA:27,2
DA:31,1
DA:35,1
DA:36,3
LF:14
LH:14
end_of_record
SF:./search/lib/presentation/bloc/search_series/search_series_state.dart
DA:5,2
DA:7,1
DA:8,1
DA:18,2
DA:20,1
DA:21,2
DA:27,1
DA:29,1
DA:30,2
LF:9
LH:9
end_of_record
SF:./search/lib/presentation/bloc/search_series/search_series_event.dart
DA:5,1
DA:7,0
DA:8,0
DA:14,1
DA:16,0
DA:17,0
LF:6
LH:2
end_of_record
SF:./search/lib/presentation/bloc/search_series/search_series_bloc.dart
DA:14,3
DA:15,1
DA:16,1
DA:17,1
DA:19,2
DA:20,2
DA:22,1
DA:23,1
DA:24,3
DA:26,1
DA:27,2
DA:31,1
DA:35,1
DA:36,3
LF:14
LH:14
end_of_record
